<?xml version="1.0" encoding="UTF-8"?>
<!-- Generated by org.testng.reporters.JUnitReportReporter -->
<testsuite hostname="DESKTOP-HI41LU5" failures="0" tests="2" name="com.hybridproject.testCases.TC_LoginTest_001" time="20.756" errors="0" timestamp="2021-12-04T12:11:03 GMT" skipped="0">
  <testcase classname="com.hybridproject.testCases.TC_LoginTest_001" name="login_Test" time="14.479"/>
  <system-out/>
  <testcase classname="com.hybridproject.testCases.TC_LoginTest_001" name="setup" time="6.277"/>
  <system-out/>
</testsuite> <!-- com.hybridproject.testCases.TC_LoginTest_001 -->
