<?xml version="1.0" encoding="UTF-8"?>
<!-- Generated by org.testng.reporters.JUnitReportReporter -->
<testsuite hostname="DESKTOP-HI41LU5" failures="0" tests="1" name="com.hybridproject.testCases.BaseClass" time="5.428" errors="0" timestamp="2021-12-03T12:05:53 GMT" skipped="0">
  <testcase classname="com.hybridproject.testCases.BaseClass" name="setup" time="5.428"/>
  <system-out/>
</testsuite> <!-- com.hybridproject.testCases.BaseClass -->
